1735018836166	geckodriver	INFO	Listening on 127.0.0.1:64299
1735018836579	mozrunner::runner	INFO	Running command: MOZ_CRASHREPORTER="1" MOZ_CRASHREPORTER_NO_REPORT="1" MOZ_CRASHREPORTER_SHUTDOWN="1" MOZ_NO_REMOTE="1" "/App ... "--marionette" "-foreground" "-no-remote" "-profile" "/var/folders/yr/zryz9hf15mj80yl_jpy533p00000gq/T/rust_mozprofilewYDIbR"
console.warn: services.settings: Ignoring preference override of remote settings server
console.warn: services.settings: Allow by setting MOZ_REMOTE_SETTINGS_DEVTOOLS=1 in the environment
1735018837238	Marionette	INFO	Marionette enabled
1735018838313	Marionette	INFO	Listening on port 64310
1735018838383	RemoteAgent	WARN	TLS certificate errors will be ignored for this session
1735018845547	Marionette	INFO	Stopped listening on port 64310
1735018873841	geckodriver	INFO	Listening on 127.0.0.1:64542
1735018874585	mozrunner::runner	INFO	Running command: MOZ_CRASHREPORTER="1" MOZ_CRASHREPORTER_NO_REPORT="1" MOZ_CRASHREPORTER_SHUTDOWN="1" MOZ_NO_REMOTE="1" "/App ... "--marionette" "-foreground" "-no-remote" "-profile" "/var/folders/yr/zryz9hf15mj80yl_jpy533p00000gq/T/rust_mozprofilelfVeQ5"
console.warn: services.settings: Ignoring preference override of remote settings server
console.warn: services.settings: Allow by setting MOZ_REMOTE_SETTINGS_DEVTOOLS=1 in the environment
1735018875126	Marionette	INFO	Marionette enabled
1735018875759	Marionette	INFO	Listening on port 64553
1735018875812	RemoteAgent	WARN	TLS certificate errors will be ignored for this session
console.warn: LoginRecipes: "Falling back to a synchronous message for: https://rahulshettyacademy.com."
1735018894286	Marionette	INFO	Stopped listening on port 64553
1735019198297	geckodriver	INFO	Listening on 127.0.0.1:49852
1735019199044	mozrunner::runner	INFO	Running command: MOZ_CRASHREPORTER="1" MOZ_CRASHREPORTER_NO_REPORT="1" MOZ_CRASHREPORTER_SHUTDOWN="1" MOZ_NO_REMOTE="1" "/App ... "--marionette" "-foreground" "-no-remote" "-profile" "/var/folders/yr/zryz9hf15mj80yl_jpy533p00000gq/T/rust_mozprofileTaxqKB"
console.warn: services.settings: Ignoring preference override of remote settings server
console.warn: services.settings: Allow by setting MOZ_REMOTE_SETTINGS_DEVTOOLS=1 in the environment
1735019199651	Marionette	INFO	Marionette enabled
1735019200283	Marionette	INFO	Listening on port 49864
1735019200345	RemoteAgent	WARN	TLS certificate errors will be ignored for this session
1735019206716	Marionette	INFO	Stopped listening on port 49864
1735019356639	geckodriver	INFO	Listening on 127.0.0.1:50830
1735019357382	mozrunner::runner	INFO	Running command: MOZ_CRASHREPORTER="1" MOZ_CRASHREPORTER_NO_REPORT="1" MOZ_CRASHREPORTER_SHUTDOWN="1" MOZ_NO_REMOTE="1" "/App ... "--marionette" "-foreground" "-no-remote" "-profile" "/var/folders/yr/zryz9hf15mj80yl_jpy533p00000gq/T/rust_mozprofile8QDXj1"
console.warn: services.settings: Ignoring preference override of remote settings server
console.warn: services.settings: Allow by setting MOZ_REMOTE_SETTINGS_DEVTOOLS=1 in the environment
1735019357940	Marionette	INFO	Marionette enabled
1735019358579	Marionette	INFO	Listening on port 50842
1735019358633	RemoteAgent	WARN	TLS certificate errors will be ignored for this session
1735019363398	Marionette	INFO	Stopped listening on port 50842
1735019674533	geckodriver	INFO	Listening on 127.0.0.1:52382
1735019675280	mozrunner::runner	INFO	Running command: MOZ_CRASHREPORTER="1" MOZ_CRASHREPORTER_NO_REPORT="1" MOZ_CRASHREPORTER_SHUTDOWN="1" MOZ_NO_REMOTE="1" "/App ... "--marionette" "-foreground" "-no-remote" "-profile" "/var/folders/yr/zryz9hf15mj80yl_jpy533p00000gq/T/rust_mozprofile8Jzis2"
console.warn: services.settings: Ignoring preference override of remote settings server
console.warn: services.settings: Allow by setting MOZ_REMOTE_SETTINGS_DEVTOOLS=1 in the environment
1735019675823	Marionette	INFO	Marionette enabled
1735019676461	Marionette	INFO	Listening on port 52393
1735019676516	RemoteAgent	WARN	TLS certificate errors will be ignored for this session
1735019681115	Marionette	INFO	Stopped listening on port 52393
console.error: Policies: 
  Download failed - ERROR_NETWORK_FAILURE - https://ffextension.nexthink.com/nexthink-latest-an-fx.xpi
console.error: services.settings: 
  main/tracking-protection-lists Signature failed  TypeError: NetworkError: Network request failed
console.error: services.settings: 
  main/search-categorization Signature failed  TypeError: NetworkError: Network request failed
console.error: services.settings: 
  main/fingerprinting-protection-overrides Signature failed  TypeError: NetworkError: Network request failed
console.error: services.settings: 
  main/query-stripping Signature failed  TypeError: NetworkError: Network request failed
console.error: services.settings: 
  main/partitioning-exempt-urls Signature failed  TypeError: NetworkError: Network request failed
console.error: (new NetworkError("Network error: TypeError: NetworkError: Network request failed", "resource://services-settings/RemoteSettingsClient.sys.mjs", 107))
console.error: (new NetworkError("Network error: TypeError: NetworkError: Network request failed", "resource://services-settings/RemoteSettingsClient.sys.mjs", 107))
console.error: (new NetworkError("Network error: TypeError: NetworkError: Network request failed", "resource://services-settings/RemoteSettingsClient.sys.mjs", 107))
console.error: (new NetworkError("Network error: TypeError: NetworkError: Network request failed", "resource://services-settings/RemoteSettingsClient.sys.mjs", 107))
console.error: (new NetworkError("Network error: TypeError: NetworkError: Network request failed", "resource://services-settings/RemoteSettingsClient.sys.mjs", 107))
1735019724423	geckodriver	INFO	Listening on 127.0.0.1:52696
1735019725167	mozrunner::runner	INFO	Running command: MOZ_CRASHREPORTER="1" MOZ_CRASHREPORTER_NO_REPORT="1" MOZ_CRASHREPORTER_SHUTDOWN="1" MOZ_NO_REMOTE="1" "/App ... "--marionette" "-foreground" "-no-remote" "-profile" "/var/folders/yr/zryz9hf15mj80yl_jpy533p00000gq/T/rust_mozprofileCYSgLo"
console.warn: services.settings: Ignoring preference override of remote settings server
console.warn: services.settings: Allow by setting MOZ_REMOTE_SETTINGS_DEVTOOLS=1 in the environment
1735019725712	Marionette	INFO	Marionette enabled
1735019726354	Marionette	INFO	Listening on port 52707
1735019726407	RemoteAgent	WARN	TLS certificate errors will be ignored for this session
1735019733254	Marionette	INFO	Stopped listening on port 52707
1735019824826	geckodriver	INFO	Listening on 127.0.0.1:53225
1735019825570	mozrunner::runner	INFO	Running command: MOZ_CRASHREPORTER="1" MOZ_CRASHREPORTER_NO_REPORT="1" MOZ_CRASHREPORTER_SHUTDOWN="1" MOZ_NO_REMOTE="1" "/App ... "--marionette" "-foreground" "-no-remote" "-profile" "/var/folders/yr/zryz9hf15mj80yl_jpy533p00000gq/T/rust_mozprofileMeiuw3"
console.warn: services.settings: Ignoring preference override of remote settings server
console.warn: services.settings: Allow by setting MOZ_REMOTE_SETTINGS_DEVTOOLS=1 in the environment
1735019826115	Marionette	INFO	Marionette enabled
1735019826748	Marionette	INFO	Listening on port 53236
1735019826802	RemoteAgent	WARN	TLS certificate errors will be ignored for this session
1735019831652	Marionette	INFO	Stopped listening on port 53236
1735019983029	geckodriver	INFO	Listening on 127.0.0.1:54043
1735019983773	mozrunner::runner	INFO	Running command: MOZ_CRASHREPORTER="1" MOZ_CRASHREPORTER_NO_REPORT="1" MOZ_CRASHREPORTER_SHUTDOWN="1" MOZ_NO_REMOTE="1" "/App ... "--marionette" "-foreground" "-no-remote" "-profile" "/var/folders/yr/zryz9hf15mj80yl_jpy533p00000gq/T/rust_mozprofileAAcj2K"
console.warn: services.settings: Ignoring preference override of remote settings server
console.warn: services.settings: Allow by setting MOZ_REMOTE_SETTINGS_DEVTOOLS=1 in the environment
1735019984310	Marionette	INFO	Marionette enabled
1735019984964	Marionette	INFO	Listening on port 54054
1735019985018	RemoteAgent	WARN	TLS certificate errors will be ignored for this session
1735019989779	Marionette	INFO	Stopped listening on port 54054
1735020074152	geckodriver	INFO	Listening on 127.0.0.1:54563
1735020074894	mozrunner::runner	INFO	Running command: MOZ_CRASHREPORTER="1" MOZ_CRASHREPORTER_NO_REPORT="1" MOZ_CRASHREPORTER_SHUTDOWN="1" MOZ_NO_REMOTE="1" "/App ... "--marionette" "-foreground" "-no-remote" "-profile" "/var/folders/yr/zryz9hf15mj80yl_jpy533p00000gq/T/rust_mozprofileCjJ5jh"
console.warn: services.settings: Ignoring preference override of remote settings server
console.warn: services.settings: Allow by setting MOZ_REMOTE_SETTINGS_DEVTOOLS=1 in the environment
1735020075434	Marionette	INFO	Marionette enabled
1735020076074	Marionette	INFO	Listening on port 54574
1735020076126	RemoteAgent	WARN	TLS certificate errors will be ignored for this session
1735020080802	Marionette	INFO	Stopped listening on port 54574
JavaScript error: resource://gre/modules/AddonManager.sys.mjs, line 1491: NS_ERROR_NOT_INITIALIZED: AddonManager is not initialized
1735020217286	geckodriver	INFO	Listening on 127.0.0.1:55340
1735020218027	mozrunner::runner	INFO	Running command: MOZ_CRASHREPORTER="1" MOZ_CRASHREPORTER_NO_REPORT="1" MOZ_CRASHREPORTER_SHUTDOWN="1" MOZ_NO_REMOTE="1" "/App ... "--marionette" "-foreground" "-no-remote" "-profile" "/var/folders/yr/zryz9hf15mj80yl_jpy533p00000gq/T/rust_mozprofile7ga8Gr"
console.warn: services.settings: Ignoring preference override of remote settings server
console.warn: services.settings: Allow by setting MOZ_REMOTE_SETTINGS_DEVTOOLS=1 in the environment
1735020218575	Marionette	INFO	Marionette enabled
1735020219214	Marionette	INFO	Listening on port 55351
1735020219268	RemoteAgent	WARN	TLS certificate errors will be ignored for this session
1735020225878	Marionette	INFO	Stopped listening on port 55351
1735020262006	geckodriver	INFO	Listening on 127.0.0.1:55621
1735020262754	mozrunner::runner	INFO	Running command: MOZ_CRASHREPORTER="1" MOZ_CRASHREPORTER_NO_REPORT="1" MOZ_CRASHREPORTER_SHUTDOWN="1" MOZ_NO_REMOTE="1" "/App ... "--marionette" "-foreground" "-no-remote" "-profile" "/var/folders/yr/zryz9hf15mj80yl_jpy533p00000gq/T/rust_mozprofilee3zKow"
console.warn: services.settings: Ignoring preference override of remote settings server
console.warn: services.settings: Allow by setting MOZ_REMOTE_SETTINGS_DEVTOOLS=1 in the environment
1735020263292	Marionette	INFO	Marionette enabled
1735020263930	Marionette	INFO	Listening on port 55633
1735020263984	RemoteAgent	WARN	TLS certificate errors will be ignored for this session
1735020268473	Marionette	INFO	Stopped listening on port 55633
1735020383793	geckodriver	INFO	Listening on 127.0.0.1:56273
1735020384541	mozrunner::runner	INFO	Running command: MOZ_CRASHREPORTER="1" MOZ_CRASHREPORTER_NO_REPORT="1" MOZ_CRASHREPORTER_SHUTDOWN="1" MOZ_NO_REMOTE="1" "/App ... "--marionette" "-foreground" "-no-remote" "-profile" "/var/folders/yr/zryz9hf15mj80yl_jpy533p00000gq/T/rust_mozprofileQdFg8f"
console.warn: services.settings: Ignoring preference override of remote settings server
console.warn: services.settings: Allow by setting MOZ_REMOTE_SETTINGS_DEVTOOLS=1 in the environment
1735020385084	Marionette	INFO	Marionette enabled
1735020385723	Marionette	INFO	Listening on port 56284
1735020385776	RemoteAgent	WARN	TLS certificate errors will be ignored for this session
console.warn: LoginRecipes: "Falling back to a synchronous message for: https://www.saucedemo.com."
1735020395722	Marionette	INFO	Stopped listening on port 56284
1735020474247	geckodriver	INFO	Listening on 127.0.0.1:56785
1735020474993	mozrunner::runner	INFO	Running command: MOZ_CRASHREPORTER="1" MOZ_CRASHREPORTER_NO_REPORT="1" MOZ_CRASHREPORTER_SHUTDOWN="1" MOZ_NO_REMOTE="1" "/App ... "--marionette" "-foreground" "-no-remote" "-profile" "/var/folders/yr/zryz9hf15mj80yl_jpy533p00000gq/T/rust_mozprofileYPft4H"
console.warn: services.settings: Ignoring preference override of remote settings server
console.warn: services.settings: Allow by setting MOZ_REMOTE_SETTINGS_DEVTOOLS=1 in the environment
1735020475536	Marionette	INFO	Marionette enabled
1735020476178	Marionette	INFO	Listening on port 56797
1735020476231	RemoteAgent	WARN	TLS certificate errors will be ignored for this session
1735020481725	Marionette	INFO	Stopped listening on port 56797
1735020517115	geckodriver	INFO	Listening on 127.0.0.1:57052
1735020517864	mozrunner::runner	INFO	Running command: MOZ_CRASHREPORTER="1" MOZ_CRASHREPORTER_NO_REPORT="1" MOZ_CRASHREPORTER_SHUTDOWN="1" MOZ_NO_REMOTE="1" "/App ... "--marionette" "-foreground" "-no-remote" "-profile" "/var/folders/yr/zryz9hf15mj80yl_jpy533p00000gq/T/rust_mozprofileyXlEEw"
console.warn: services.settings: Ignoring preference override of remote settings server
console.warn: services.settings: Allow by setting MOZ_REMOTE_SETTINGS_DEVTOOLS=1 in the environment
1735020518407	Marionette	INFO	Marionette enabled
1735020519044	Marionette	INFO	Listening on port 57063
1735020519097	RemoteAgent	WARN	TLS certificate errors will be ignored for this session
console.warn: LoginRecipes: "Falling back to a synchronous message for: https://www.saucedemo.com."
console.warn: LoginRecipes: "Falling back to a synchronous message for: https://www.saucedemo.com."
1735020524135	Marionette	INFO	Stopped listening on port 57063
1735025424749	geckodriver	INFO	Listening on 127.0.0.1:63987
1735025425497	mozrunner::runner	INFO	Running command: MOZ_CRASHREPORTER="1" MOZ_CRASHREPORTER_NO_REPORT="1" MOZ_CRASHREPORTER_SHUTDOWN="1" MOZ_NO_REMOTE="1" "/App ... "--marionette" "-foreground" "-no-remote" "-profile" "/var/folders/yr/zryz9hf15mj80yl_jpy533p00000gq/T/rust_mozprofileTdIKqv"
console.warn: services.settings: Ignoring preference override of remote settings server
console.warn: services.settings: Allow by setting MOZ_REMOTE_SETTINGS_DEVTOOLS=1 in the environment
1735025426168	Marionette	INFO	Marionette enabled
1735025426979	Marionette	INFO	Listening on port 64002
1735025427054	RemoteAgent	WARN	TLS certificate errors will be ignored for this session
console.warn: LoginRecipes: "Falling back to a synchronous message for: https://www.saucedemo.com."
console.warn: LoginRecipes: "Falling back to a synchronous message for: https://www.saucedemo.com."
1735025436534	Marionette	INFO	Stopped listening on port 64002
1735029960308	geckodriver	INFO	Listening on 127.0.0.1:49600
1735029961057	mozrunner::runner	INFO	Running command: MOZ_CRASHREPORTER="1" MOZ_CRASHREPORTER_NO_REPORT="1" MOZ_CRASHREPORTER_SHUTDOWN="1" MOZ_NO_REMOTE="1" "/App ... "--marionette" "-foreground" "-no-remote" "-profile" "/var/folders/yr/zryz9hf15mj80yl_jpy533p00000gq/T/rust_mozprofilenrnumO"
console.warn: services.settings: Ignoring preference override of remote settings server
console.warn: services.settings: Allow by setting MOZ_REMOTE_SETTINGS_DEVTOOLS=1 in the environment
1735029961671	Marionette	INFO	Marionette enabled
1735029962461	Marionette	INFO	Listening on port 49611
1735029962530	RemoteAgent	WARN	TLS certificate errors will be ignored for this session
console.warn: LoginRecipes: "Falling back to a synchronous message for: https://www.saucedemo.com."
console.warn: LoginRecipes: "Falling back to a synchronous message for: https://www.saucedemo.com."
1735029967984	Marionette	INFO	Stopped listening on port 49611
1735032690320	geckodriver	INFO	Listening on 127.0.0.1:63277
1735032691066	mozrunner::runner	INFO	Running command: MOZ_CRASHREPORTER="1" MOZ_CRASHREPORTER_NO_REPORT="1" MOZ_CRASHREPORTER_SHUTDOWN="1" MOZ_NO_REMOTE="1" "/App ... "--marionette" "-foreground" "-no-remote" "-profile" "/var/folders/yr/zryz9hf15mj80yl_jpy533p00000gq/T/rust_mozprofileZvCWqK"
console.warn: services.settings: Ignoring preference override of remote settings server
console.warn: services.settings: Allow by setting MOZ_REMOTE_SETTINGS_DEVTOOLS=1 in the environment
1735032691737	Marionette	INFO	Marionette enabled
1735032692370	Marionette	INFO	Listening on port 63288
1735032692437	RemoteAgent	WARN	TLS certificate errors will be ignored for this session
console.warn: LoginRecipes: "Falling back to a synchronous message for: https://www.saucedemo.com."
console.warn: LoginRecipes: "Falling back to a synchronous message for: https://www.saucedemo.com."
1735032698181	Marionette	INFO	Stopped listening on port 63288
1735032982010	geckodriver	INFO	Listening on 127.0.0.1:64724
1735032982783	mozrunner::runner	INFO	Running command: MOZ_CRASHREPORTER="1" MOZ_CRASHREPORTER_NO_REPORT="1" MOZ_CRASHREPORTER_SHUTDOWN="1" MOZ_NO_REMOTE="1" "/App ... "--marionette" "-foreground" "-no-remote" "-profile" "/var/folders/yr/zryz9hf15mj80yl_jpy533p00000gq/T/rust_mozprofileUYW6qV"
console.warn: services.settings: Ignoring preference override of remote settings server
console.warn: services.settings: Allow by setting MOZ_REMOTE_SETTINGS_DEVTOOLS=1 in the environment
1735032983352	Marionette	INFO	Marionette enabled
1735032984049	Marionette	INFO	Listening on port 64736
1735032984102	RemoteAgent	WARN	TLS certificate errors will be ignored for this session
console.warn: LoginRecipes: "Falling back to a synchronous message for: https://www.saucedemo.com."
console.warn: LoginRecipes: "Falling back to a synchronous message for: https://www.saucedemo.com."
1735032989447	Marionette	INFO	Stopped listening on port 64736
1735033259044	geckodriver	INFO	Listening on 127.0.0.1:49820
1735033259792	mozrunner::runner	INFO	Running command: MOZ_CRASHREPORTER="1" MOZ_CRASHREPORTER_NO_REPORT="1" MOZ_CRASHREPORTER_SHUTDOWN="1" MOZ_NO_REMOTE="1" "/App ... "--marionette" "-foreground" "-no-remote" "-profile" "/var/folders/yr/zryz9hf15mj80yl_jpy533p00000gq/T/rust_mozprofile618w5e"
console.warn: services.settings: Ignoring preference override of remote settings server
console.warn: services.settings: Allow by setting MOZ_REMOTE_SETTINGS_DEVTOOLS=1 in the environment
1735033260339	Marionette	INFO	Marionette enabled
1735033261006	Marionette	INFO	Listening on port 49831
1735033261059	RemoteAgent	WARN	TLS certificate errors will be ignored for this session
console.warn: LoginRecipes: "Falling back to a synchronous message for: https://www.saucedemo.com."
console.warn: LoginRecipes: "Falling back to a synchronous message for: https://www.saucedemo.com."
1735033319713	Marionette	INFO	Stopped listening on port 49831
*** UTM:SVC TimerManager:registerTimer called after profile-before-change notification. Ignoring timer registration for id: telemetry_modules_ping
1735033494963	geckodriver	INFO	Listening on 127.0.0.1:51175
1735033495710	mozrunner::runner	INFO	Running command: MOZ_CRASHREPORTER="1" MOZ_CRASHREPORTER_NO_REPORT="1" MOZ_CRASHREPORTER_SHUTDOWN="1" MOZ_NO_REMOTE="1" "/App ... "--marionette" "-foreground" "-no-remote" "-profile" "/var/folders/yr/zryz9hf15mj80yl_jpy533p00000gq/T/rust_mozprofilecbK7xL"
console.warn: services.settings: Ignoring preference override of remote settings server
console.warn: services.settings: Allow by setting MOZ_REMOTE_SETTINGS_DEVTOOLS=1 in the environment
1735033496320	Marionette	INFO	Marionette enabled
1735033496987	Marionette	INFO	Listening on port 51187
1735033497056	RemoteAgent	WARN	TLS certificate errors will be ignored for this session
console.warn: LoginRecipes: "Falling back to a synchronous message for: https://www.saucedemo.com."
console.warn: LoginRecipes: "Falling back to a synchronous message for: https://www.saucedemo.com."
1735033515528	Marionette	INFO	Stopped listening on port 51187
1735033577933	geckodriver	INFO	Listening on 127.0.0.1:51656
1735033578679	mozrunner::runner	INFO	Running command: MOZ_CRASHREPORTER="1" MOZ_CRASHREPORTER_NO_REPORT="1" MOZ_CRASHREPORTER_SHUTDOWN="1" MOZ_NO_REMOTE="1" "/App ... "--marionette" "-foreground" "-no-remote" "-profile" "/var/folders/yr/zryz9hf15mj80yl_jpy533p00000gq/T/rust_mozprofilek96rj0"
console.warn: services.settings: Ignoring preference override of remote settings server
console.warn: services.settings: Allow by setting MOZ_REMOTE_SETTINGS_DEVTOOLS=1 in the environment
1735033579231	Marionette	INFO	Marionette enabled
1735033579877	Marionette	INFO	Listening on port 51667
1735033579931	RemoteAgent	WARN	TLS certificate errors will be ignored for this session
console.warn: LoginRecipes: "Falling back to a synchronous message for: https://www.saucedemo.com."
console.warn: LoginRecipes: "Falling back to a synchronous message for: https://www.saucedemo.com."
1735033591023	Marionette	INFO	Stopped listening on port 51667
1735033887125	geckodriver	INFO	Listening on 127.0.0.1:53292
1735033887872	mozrunner::runner	INFO	Running command: MOZ_CRASHREPORTER="1" MOZ_CRASHREPORTER_NO_REPORT="1" MOZ_CRASHREPORTER_SHUTDOWN="1" MOZ_NO_REMOTE="1" "/App ... "--marionette" "-foreground" "-no-remote" "-profile" "/var/folders/yr/zryz9hf15mj80yl_jpy533p00000gq/T/rust_mozprofile55TpBE"
console.warn: services.settings: Ignoring preference override of remote settings server
console.warn: services.settings: Allow by setting MOZ_REMOTE_SETTINGS_DEVTOOLS=1 in the environment
1735033888422	Marionette	INFO	Marionette enabled
1735033889073	Marionette	INFO	Listening on port 53305
1735033889128	RemoteAgent	WARN	TLS certificate errors will be ignored for this session
console.warn: LoginRecipes: "Falling back to a synchronous message for: https://www.saucedemo.com."
console.warn: LoginRecipes: "Falling back to a synchronous message for: https://www.saucedemo.com."
1735033902248	Marionette	INFO	Stopped listening on port 53305
1735038706844	geckodriver	INFO	Listening on 127.0.0.1:51329
1735038707678	mozrunner::runner	INFO	Running command: MOZ_CRASHREPORTER="1" MOZ_CRASHREPORTER_NO_REPORT="1" MOZ_CRASHREPORTER_SHUTDOWN="1" MOZ_NO_REMOTE="1" "/App ... "--marionette" "-foreground" "-no-remote" "-profile" "/var/folders/yr/zryz9hf15mj80yl_jpy533p00000gq/T/rust_mozprofileiCm8vM"
console.warn: services.settings: Ignoring preference override of remote settings server
console.warn: services.settings: Allow by setting MOZ_REMOTE_SETTINGS_DEVTOOLS=1 in the environment
1735038708213	Marionette	INFO	Marionette enabled
1735038708825	Marionette	INFO	Listening on port 51340
1735038708879	RemoteAgent	WARN	TLS certificate errors will be ignored for this session
console.warn: LoginRecipes: "Falling back to a synchronous message for: https://www.saucedemo.com."
console.warn: LoginRecipes: "Falling back to a synchronous message for: https://www.saucedemo.com."
1735038716543	Marionette	INFO	Stopped listening on port 51340
1735039706680	geckodriver	INFO	Listening on 127.0.0.1:56305
1735039707522	mozrunner::runner	INFO	Running command: MOZ_CRASHREPORTER="1" MOZ_CRASHREPORTER_NO_REPORT="1" MOZ_CRASHREPORTER_SHUTDOWN="1" MOZ_NO_REMOTE="1" "/App ... "--marionette" "-foreground" "-no-remote" "-profile" "/var/folders/yr/zryz9hf15mj80yl_jpy533p00000gq/T/rust_mozprofileqroXsq"
console.warn: services.settings: Ignoring preference override of remote settings server
console.warn: services.settings: Allow by setting MOZ_REMOTE_SETTINGS_DEVTOOLS=1 in the environment
1735039707953	Marionette	INFO	Marionette enabled
1735039708415	Marionette	INFO	Listening on port 56318
1735039708461	RemoteAgent	WARN	TLS certificate errors will be ignored for this session
console.warn: LoginRecipes: "Falling back to a synchronous message for: https://www.saucedemo.com."
console.warn: LoginRecipes: "Falling back to a synchronous message for: https://www.saucedemo.com."
1735039714343	Marionette	INFO	Stopped listening on port 56318
1735041589648	geckodriver	INFO	Listening on 127.0.0.1:65293
1735041590485	mozrunner::runner	INFO	Running command: MOZ_CRASHREPORTER="1" MOZ_CRASHREPORTER_NO_REPORT="1" MOZ_CRASHREPORTER_SHUTDOWN="1" MOZ_NO_REMOTE="1" "/App ... "--marionette" "-foreground" "-no-remote" "-profile" "/var/folders/yr/zryz9hf15mj80yl_jpy533p00000gq/T/rust_mozprofileI9G2ZY"
console.warn: services.settings: Ignoring preference override of remote settings server
console.warn: services.settings: Allow by setting MOZ_REMOTE_SETTINGS_DEVTOOLS=1 in the environment
1735041590989	Marionette	INFO	Marionette enabled
1735041591602	Marionette	INFO	Listening on port 65304
1735041591656	RemoteAgent	WARN	TLS certificate errors will be ignored for this session
console.warn: LoginRecipes: "Falling back to a synchronous message for: https://www.saucedemo.com."
console.warn: LoginRecipes: "Falling back to a synchronous message for: https://www.saucedemo.com."
1735041596904	Marionette	INFO	Stopped listening on port 65304
